<?xml version="1.0" encoding="UTF-8"?>
<!-- Generated by org.testng.reporters.JUnitReportReporter -->
<testsuite hostname="ML-SanthoshR-PC" name="com.projectname.grid.scripts.RunThreadTest" tests="1" failures="0" timestamp="15 Sep 2014 11:31:31 GMT" time="0.170" errors="0">
  <testcase name="runGrid" time="0.170" classname="com.projectname.grid.scripts.RunThreadTest"/>
</testsuite>
