<?xml version="1.0" encoding="UTF-8"?>
<!-- Generated by org.testng.reporters.JUnitReportReporter -->
<testsuite hostname="ML-SanthoshR-PC" name="com.grid.xmlfiles.XMLMerge" tests="1" failures="0" timestamp="22 Sep 2014 06:22:55 GMT" time="0.274" errors="0">
  <testcase name="xmlMergeFiles" time="0.274" classname="com.grid.xmlfiles.XMLMerge"/>
</testsuite> <!-- com.grid.xmlfiles.XMLMerge -->
