<?xml version="1.0" encoding="UTF-8"?>
<!-- Generated by org.testng.reporters.JUnitReportReporter -->
<testsuite hostname="ML-SanthoshR-PC" name="CreateXml" tests="1" failures="0" timestamp="16 Sep 2014 06:18:04 GMT" time="0.307" errors="0">
  <testcase name="creatXML" time="0.307" classname="CreateXml"/>
</testsuite> <!-- CreateXml -->
