<?xml version="1.0" encoding="UTF-8"?>
<!-- Generated by org.testng.reporters.JUnitReportReporter -->
<testsuite hostname="ML-SanthoshR-PC" name="com.grid.htmlreports.HtmlMerge" tests="1" failures="0" timestamp="11 Sep 2014 07:20:22 GMT" time="0.049" errors="0">
  <testcase name="htmlReader" time="0.049" classname="com.grid.htmlreports.HtmlMerge"/>
</testsuite> <!-- com.grid.htmlreports.HtmlMerge -->
