<?xml version="1.0" encoding="UTF-8"?>
<!-- Generated by org.testng.reporters.JUnitReportReporter -->
<testsuite hostname="ML-SanthoshR-PC" name="com.grid.htmlmerge.HtmlMerge" tests="1" failures="0" timestamp="12 Sep 2014 10:56:09 GMT" time="97.623" errors="0">
  <testcase name="htmlMergeFiles" time="97.623" classname="com.grid.htmlmerge.HtmlMerge"/>
</testsuite> <!-- com.grid.htmlmerge.HtmlMerge -->
