<?xml version="1.0" encoding="UTF-8"?>
<!-- Generated by org.testng.reporters.JUnitReportReporter -->
<testsuite hostname="Santhosh-E4310" name="com.projectname.grid.scripts.RunThread" tests="1" failures="0" timestamp="21 Jul 2014 08:51:14 GMT" time="0.453" errors="0">
  <testcase name="runThread" time="0.453" classname="com.projectname.grid.scripts.RunThread"/>
</testsuite> <!-- com.projectname.grid.scripts.RunThread -->
