<?xml version="1.0" encoding="UTF-8"?>
<!-- Generated by org.testng.reporters.JUnitReportReporter -->
<testsuite hostname="ML-SanthoshR-PC" name="com.projectname.grid.scripts.RunThreadTest" tests="1" failures="0" timestamp="16 Sep 2014 06:25:59 GMT" time="0.233" errors="0">
  <testcase name="runGrid" time="0.233" classname="com.projectname.grid.scripts.RunThreadTest"/>
</testsuite> <!-- com.projectname.grid.scripts.RunThreadTest -->
